2019-03-03 20:14:04,204 - BrowserEngine - INFO - 你选择Chrome浏览器
2019-03-03 20:14:04,204 - BrowserEngine - INFO - 这个服务器的地址是：http://192.168.43.159/forum.php
2019-03-03 20:14:06,099 - BrowserEngine - INFO - 开始谷歌浏览器
2019-03-03 20:14:09,191 - BrowserEngine - INFO - 打开地址：http://192.168.43.159/forum.php
2019-03-03 20:14:10,342 - BrowserEngine - INFO - 最大化当前窗口
2019-03-03 20:14:10,344 - BrowserEngine - INFO - 设置隐式等待时间为10秒
2019-03-03 20:14:10,808 - BasePage - INFO - 有截屏且保存路径是/img/
2019-03-03 20:14:10,934 - BasePage - INFO - 输入内容：lixiaoting
2019-03-03 20:14:11,254 - BasePage - INFO - 有截屏且保存路径是/img/
2019-03-03 20:14:11,603 - BasePage - INFO - 有截屏且保存路径是/img/
2019-03-03 20:14:11,667 - BasePage - INFO - 输入内容：123456
2019-03-03 20:14:11,995 - BasePage - INFO - 有截屏且保存路径是/img/
2019-03-03 20:14:12,345 - BasePage - INFO - 有截屏且保存路径是/img/
2019-03-03 20:14:12,411 - BasePage - INFO - click
2019-03-03 20:14:12,950 - BasePage - INFO - 有截屏且保存路径是/img/
2019-03-03 20:14:23,369 - BasePage - INFO - 有截屏且保存路径是/img/
2019-03-03 20:14:23,389 - BasePage - INFO - 帖子和期望值一样:lixiaoting
2019-03-03 20:14:23,734 - BasePage - INFO - 有截屏且保存路径是/img/
2019-03-03 20:14:24,106 - BasePage - INFO - 有截屏且保存路径是/img/
2019-03-03 20:14:24,730 - BasePage - INFO - click
2019-03-03 20:14:25,090 - BasePage - INFO - 有截屏且保存路径是/img/
2019-03-03 20:14:25,445 - BasePage - INFO - 有截屏且保存路径是/img/
2019-03-03 20:14:25,462 - BasePage - INFO - 帖子和期望值一样:nows
2019-03-03 20:14:25,809 - BasePage - INFO - 有截屏且保存路径是/img/
2019-03-03 20:14:25,809 - BrowserEngine - INFO - 关闭浏览器
2019-03-03 20:14:28,078 - BrowserEngine - INFO - 你选择Chrome浏览器
2019-03-03 20:14:28,078 - BrowserEngine - INFO - 这个服务器的地址是：http://192.168.43.159/forum.php
2019-03-03 20:14:30,627 - BrowserEngine - INFO - 开始谷歌浏览器
2019-03-03 20:14:34,586 - BrowserEngine - INFO - 打开地址：http://192.168.43.159/forum.php
2019-03-03 20:14:35,716 - BrowserEngine - INFO - 最大化当前窗口
2019-03-03 20:14:35,725 - BrowserEngine - INFO - 设置隐式等待时间为10秒
2019-03-03 20:14:36,113 - BasePage - INFO - 有截屏且保存路径是/img/
2019-03-03 20:14:36,234 - BasePage - INFO - 输入内容：admin
2019-03-03 20:14:36,590 - BasePage - INFO - 有截屏且保存路径是/img/
2019-03-03 20:14:36,950 - BasePage - INFO - 有截屏且保存路径是/img/
2019-03-03 20:14:37,029 - BasePage - INFO - 输入内容：hemeihua
2019-03-03 20:14:37,387 - BasePage - INFO - 有截屏且保存路径是/img/
2019-03-03 20:14:37,754 - BasePage - INFO - 有截屏且保存路径是/img/
2019-03-03 20:14:37,814 - BasePage - INFO - click
2019-03-03 20:14:40,434 - BasePage - INFO - 有截屏且保存路径是/img/
2019-03-03 20:14:50,886 - BasePage - INFO - 有截屏且保存路径是/img/
2019-03-03 20:14:50,904 - BasePage - INFO - 帖子和期望值一样:admin
2019-03-03 20:14:51,253 - BasePage - INFO - 有截屏且保存路径是/img/
2019-03-03 20:14:56,697 - BasePage - INFO - 有截屏且保存路径是/img/
2019-03-03 20:14:57,766 - BasePage - INFO - click
2019-03-03 20:14:58,138 - BasePage - INFO - 有截屏且保存路径是/img/
2019-03-03 20:14:58,546 - BasePage - INFO - 有截屏且保存路径是/img/
2019-03-03 20:14:58,591 - BasePage - INFO - click
2019-03-03 20:14:59,167 - BasePage - INFO - 有截屏且保存路径是/img/
2019-03-03 20:14:59,713 - BasePage - INFO - 有截屏且保存路径是/img/
2019-03-03 20:14:59,999 - BasePage - INFO - click
2019-03-03 20:15:00,374 - BasePage - INFO - 有截屏且保存路径是/img/
2019-03-03 20:15:00,767 - BasePage - INFO - 有截屏且保存路径是/img/
2019-03-03 20:15:01,307 - BasePage - INFO - click
2019-03-03 20:15:01,678 - BasePage - INFO - 有截屏且保存路径是/img/
2019-03-03 20:15:02,136 - BasePage - INFO - 有截屏且保存路径是/img/
2019-03-03 20:15:02,206 - BasePage - INFO - click
2019-03-03 20:15:02,609 - BasePage - INFO - 有截屏且保存路径是/img/
2019-03-03 20:15:09,116 - BasePage - INFO - 有截屏且保存路径是/img/
2019-03-03 20:15:09,182 - BasePage - INFO - 输入内容：hemeihua
2019-03-03 20:15:09,503 - BasePage - INFO - 有截屏且保存路径是/img/
2019-03-03 20:15:09,929 - BasePage - INFO - 有截屏且保存路径是/img/
2019-03-03 20:15:32,010 - BasePage - INFO - click
2019-03-03 20:15:32,379 - BasePage - INFO - 有截屏且保存路径是/img/
2019-03-03 20:15:34,841 - BasePage - INFO - 有截屏且保存路径是/img/
2019-03-03 20:15:35,223 - BasePage - INFO - click
2019-03-03 20:15:35,599 - BasePage - INFO - 有截屏且保存路径是/img/
2019-03-03 20:15:39,035 - BasePage - INFO - 有截屏且保存路径是/img/
2019-03-03 20:15:39,153 - BasePage - INFO - click
2019-03-03 20:15:39,511 - BasePage - INFO - 有截屏且保存路径是/img/
2019-03-03 20:15:39,911 - BasePage - INFO - 有截屏且保存路径是/img/
2019-03-03 20:15:40,202 - BasePage - INFO - click
2019-03-03 20:15:40,528 - BasePage - INFO - 有截屏且保存路径是/img/
2019-03-03 20:15:40,902 - BasePage - INFO - 有截屏且保存路径是/img/
2019-03-03 20:15:41,321 - BasePage - INFO - click
2019-03-03 20:15:41,672 - BasePage - INFO - 有截屏且保存路径是/img/
2019-03-03 20:15:47,064 - BasePage - INFO - 有截屏且保存路径是/img/
2019-03-03 20:15:47,354 - BasePage - INFO - click
2019-03-03 20:15:47,725 - BasePage - INFO - 有截屏且保存路径是/img/
2019-03-03 20:15:49,954 - BasePage - INFO - 有截屏且保存路径是/img/
2019-03-03 20:15:50,062 - BasePage - INFO - 输入内容：lixiaoting
2019-03-03 20:15:50,430 - BasePage - INFO - 有截屏且保存路径是/img/
2019-03-03 20:15:50,768 - BasePage - INFO - 有截屏且保存路径是/img/
2019-03-03 20:15:50,828 - BasePage - INFO - 输入内容：123456
2019-03-03 20:15:51,179 - BasePage - INFO - 有截屏且保存路径是/img/
2019-03-03 20:15:51,523 - BasePage - INFO - 有截屏且保存路径是/img/
2019-03-03 20:15:51,571 - BasePage - INFO - click
2019-03-03 20:15:52,040 - BasePage - INFO - 有截屏且保存路径是/img/
2019-03-03 20:16:02,492 - BasePage - INFO - 有截屏且保存路径是/img/
2019-03-03 20:16:02,502 - BasePage - INFO - 帖子和期望值一样:lixiaoting
2019-03-03 20:16:02,855 - BasePage - INFO - 有截屏且保存路径是/img/
2019-03-03 20:16:08,287 - BasePage - INFO - 有截屏且保存路径是/img/
2019-03-03 20:16:08,667 - BasePage - INFO - click
2019-03-03 20:16:09,027 - BasePage - INFO - 有截屏且保存路径是/img/
2019-03-03 20:16:14,473 - BasePage - INFO - 有截屏且保存路径是/img/
2019-03-03 20:16:14,549 - BasePage - INFO - 输入内容：幸运
2019-03-03 20:16:14,983 - BasePage - INFO - 有截屏且保存路径是/img/
2019-03-03 20:16:15,385 - BasePage - INFO - 有截屏且保存路径是/img/
2019-03-03 20:16:15,474 - BasePage - INFO - 输入内容：啦啦啦啦啦啦啦啦啦啦啦啦啦啦
2019-03-03 20:16:15,810 - BasePage - INFO - 有截屏且保存路径是/img/
2019-03-03 20:16:16,176 - BasePage - INFO - 有截屏且保存路径是/img/
2019-03-03 20:16:17,361 - BasePage - INFO - click
2019-03-03 20:16:17,735 - BasePage - INFO - 有截屏且保存路径是/img/
2019-03-03 20:16:20,122 - BasePage - INFO - 有截屏且保存路径是/img/
2019-03-03 20:16:20,352 - BasePage - INFO - 输入内容：每天都要加油啊啦啦啦啦啦啦啦啦啦啦啦啦啦
2019-03-03 20:16:20,752 - BasePage - INFO - 有截屏且保存路径是/img/
2019-03-03 20:16:21,155 - BasePage - INFO - 有截屏且保存路径是/img/
2019-03-03 20:16:21,391 - BasePage - INFO - click
2019-03-03 20:16:21,762 - BasePage - INFO - 有截屏且保存路径是/img/
2019-03-03 20:16:21,762 - BrowserEngine - INFO - 关闭浏览器
2019-03-03 20:16:24,069 - BrowserEngine - INFO - 你选择Chrome浏览器
2019-03-03 20:16:24,069 - BrowserEngine - INFO - 这个服务器的地址是：http://192.168.43.159/forum.php
2019-03-03 20:16:26,594 - BrowserEngine - INFO - 开始谷歌浏览器
2019-03-03 20:16:29,364 - BrowserEngine - INFO - 打开地址：http://192.168.43.159/forum.php
2019-03-03 20:16:30,514 - BrowserEngine - INFO - 最大化当前窗口
2019-03-03 20:16:30,515 - BrowserEngine - INFO - 设置隐式等待时间为10秒
2019-03-03 20:16:30,891 - BasePage - INFO - 有截屏且保存路径是/img/
2019-03-03 20:16:31,005 - BasePage - INFO - 输入内容：lixiaoting
2019-03-03 20:16:31,379 - BasePage - INFO - 有截屏且保存路径是/img/
2019-03-03 20:16:31,737 - BasePage - INFO - 有截屏且保存路径是/img/
2019-03-03 20:16:31,797 - BasePage - INFO - 输入内容：123456
2019-03-03 20:16:32,168 - BasePage - INFO - 有截屏且保存路径是/img/
2019-03-03 20:16:32,517 - BasePage - INFO - 有截屏且保存路径是/img/
2019-03-03 20:16:32,568 - BasePage - INFO - click
2019-03-03 20:16:33,090 - BasePage - INFO - 有截屏且保存路径是/img/
2019-03-03 20:16:43,494 - BasePage - INFO - 有截屏且保存路径是/img/
2019-03-03 20:16:43,515 - BasePage - INFO - 帖子和期望值一样:lixiaoting
2019-03-03 20:16:43,870 - BasePage - INFO - 有截屏且保存路径是/img/
2019-03-03 20:16:44,240 - BasePage - INFO - 有截屏且保存路径是/img/
2019-03-03 20:16:44,339 - BasePage - INFO - 输入内容：haotest
2019-03-03 20:16:44,707 - BasePage - INFO - 有截屏且保存路径是/img/
2019-03-03 20:16:45,085 - BasePage - INFO - 有截屏且保存路径是/img/
2019-03-03 20:16:45,160 - BasePage - INFO - click
2019-03-03 20:16:45,571 - BasePage - INFO - 有截屏且保存路径是/img/
2019-03-03 20:16:52,054 - BasePage - INFO - 有截屏且保存路径是/img/
2019-03-03 20:16:52,072 - BasePage - INFO - 帖子和期望值一样:haotest
2019-03-03 20:16:52,394 - BasePage - INFO - 有截屏且保存路径是/img/
2019-03-03 20:16:52,764 - BasePage - INFO - 有截屏且保存路径是/img/
2019-03-03 20:16:52,993 - BasePage - INFO - click
2019-03-03 20:16:53,339 - BasePage - INFO - 有截屏且保存路径是/img/
2019-03-03 20:16:53,339 - BrowserEngine - INFO - 关闭浏览器
2019-03-03 20:16:55,618 - BrowserEngine - INFO - 你选择Chrome浏览器
2019-03-03 20:16:55,618 - BrowserEngine - INFO - 这个服务器的地址是：http://192.168.43.159/forum.php
2019-03-03 20:16:58,101 - BrowserEngine - INFO - 开始谷歌浏览器
2019-03-03 20:17:00,083 - BrowserEngine - INFO - 打开地址：http://192.168.43.159/forum.php
2019-03-03 20:17:01,257 - BrowserEngine - INFO - 最大化当前窗口
2019-03-03 20:17:01,257 - BrowserEngine - INFO - 设置隐式等待时间为10秒
2019-03-03 20:17:01,654 - BasePage - INFO - 有截屏且保存路径是/img/
2019-03-03 20:17:01,782 - BasePage - INFO - 输入内容：lixiaoting
2019-03-03 20:17:02,160 - BasePage - INFO - 有截屏且保存路径是/img/
2019-03-03 20:17:02,507 - BasePage - INFO - 有截屏且保存路径是/img/
2019-03-03 20:17:02,567 - BasePage - INFO - 输入内容：123456
2019-03-03 20:17:02,936 - BasePage - INFO - 有截屏且保存路径是/img/
2019-03-03 20:17:03,319 - BasePage - INFO - 有截屏且保存路径是/img/
2019-03-03 20:17:03,375 - BasePage - INFO - click
2019-03-03 20:17:03,903 - BasePage - INFO - 有截屏且保存路径是/img/
2019-03-03 20:17:19,366 - BasePage - INFO - 有截屏且保存路径是/img/
2019-03-03 20:17:19,386 - BasePage - INFO - 帖子和期望值一样:lixiaoting
2019-03-03 20:17:19,747 - BasePage - INFO - 有截屏且保存路径是/img/
2019-03-03 20:17:20,105 - BasePage - INFO - 有截屏且保存路径是/img/
2019-03-03 20:17:20,823 - BasePage - INFO - click
2019-03-03 20:17:21,165 - BasePage - INFO - 有截屏且保存路径是/img/
2019-03-03 20:17:21,533 - BasePage - INFO - 有截屏且保存路径是/img/
2019-03-03 20:17:22,334 - BasePage - INFO - click
2019-03-03 20:17:22,663 - BasePage - INFO - 有截屏且保存路径是/img/
2019-03-03 20:17:23,018 - BasePage - INFO - 有截屏且保存路径是/img/
2019-03-03 20:17:23,655 - BasePage - INFO - click
2019-03-03 20:17:23,972 - BasePage - INFO - 有截屏且保存路径是/img/
2019-03-03 20:17:26,366 - BasePage - INFO - 有截屏且保存路径是/img/
2019-03-03 20:17:26,467 - BasePage - INFO - 输入内容：啦啦啦
2019-03-03 20:17:26,822 - BasePage - INFO - 有截屏且保存路径是/img/
2019-03-03 20:17:27,267 - BasePage - INFO - 有截屏且保存路径是/img/
2019-03-03 20:17:27,457 - BasePage - INFO - 输入内容：我是卖报的小行家
2019-03-03 20:17:27,819 - BasePage - INFO - 有截屏且保存路径是/img/
2019-03-03 20:17:28,194 - BasePage - INFO - 有截屏且保存路径是/img/
2019-03-03 20:17:28,401 - BasePage - INFO - 输入内容：不等天明来卖报
2019-03-03 20:17:28,724 - BasePage - INFO - 有截屏且保存路径是/img/
2019-03-03 20:17:29,058 - BasePage - INFO - 有截屏且保存路径是/img/
2019-03-03 20:17:29,190 - BasePage - INFO - click
2019-03-03 20:17:31,019 - BasePage - INFO - 有截屏且保存路径是/img/
2019-03-03 20:17:31,479 - BasePage - INFO - 有截屏且保存路径是/img/
2019-03-03 20:17:31,489 - BasePage - INFO - 帖子和期望值一样:啦啦啦
2019-03-03 20:17:31,849 - BasePage - INFO - 有截屏且保存路径是/img/
2019-03-03 20:17:36,297 - BasePage - INFO - 有截屏且保存路径是/img/
2019-03-03 20:17:36,344 - BasePage - INFO - click
2019-03-03 20:17:36,738 - BasePage - INFO - 有截屏且保存路径是/img/
2019-03-03 20:17:39,110 - BasePage - INFO - 有截屏且保存路径是/img/
2019-03-03 20:17:40,114 - BasePage - INFO - click
2019-03-03 20:17:40,495 - BasePage - INFO - 有截屏且保存路径是/img/
2019-03-03 20:17:44,961 - BasePage - INFO - 有截屏且保存路径是/img/
2019-03-03 20:17:44,981 - BasePage - INFO - 帖子和期望值一样:1.  我是卖报的小行家
2019-03-03 20:17:45,332 - BasePage - INFO - 有截屏且保存路径是/img/
2019-03-03 20:17:45,332 - DiscuzVote - INFO - 第一个选项的名称：1.  我是卖报的小行家
2019-03-03 20:17:45,728 - BasePage - INFO - 有截屏且保存路径是/img/
2019-03-03 20:17:45,748 - BasePage - INFO - 帖子和期望值一样:100.00% (1)
2019-03-03 20:17:46,076 - BasePage - INFO - 有截屏且保存路径是/img/
2019-03-03 20:17:46,076 - DiscuzVote - INFO - 第一个选项的投票比例：100.00% (1)
2019-03-03 20:17:46,471 - BasePage - INFO - 有截屏且保存路径是/img/
2019-03-03 20:17:46,481 - BasePage - INFO - 帖子和期望值一样:2.  不等天明来卖报
2019-03-03 20:17:46,846 - BasePage - INFO - 有截屏且保存路径是/img/
2019-03-03 20:17:46,846 - DiscuzVote - INFO - 第二个选项的名字：2.  不等天明来卖报
2019-03-03 20:17:47,239 - BasePage - INFO - 有截屏且保存路径是/img/
2019-03-03 20:17:47,299 - BasePage - INFO - 帖子和期望值一样:0.00% (0)
2019-03-03 20:17:47,647 - BasePage - INFO - 有截屏且保存路径是/img/
2019-03-03 20:17:47,647 - DiscuzVote - INFO - 第二个选项的投票比例：0.00% (0)
2019-03-03 20:17:48,035 - BasePage - INFO - 有截屏且保存路径是/img/
2019-03-03 20:17:48,055 - BasePage - INFO - 帖子和期望值一样:啦啦啦
2019-03-03 20:17:48,414 - BasePage - INFO - 有截屏且保存路径是/img/
2019-03-03 20:17:48,414 - DiscuzVote - INFO - 投票的主题名称为：啦啦啦
2019-03-03 20:17:48,824 - BasePage - INFO - 有截屏且保存路径是/img/
2019-03-03 20:17:49,063 - BasePage - INFO - click
2019-03-03 20:17:49,420 - BasePage - INFO - 有截屏且保存路径是/img/
2019-03-03 20:17:49,421 - BrowserEngine - INFO - 关闭浏览器
