2019-03-02 20:23:35,248 - BrowserEngine - INFO - 你选择Chrome浏览器
2019-03-02 20:23:35,280 - BrowserEngine - INFO - 这个服务器的地址是：http://192.168.43.159/forum.php
2019-03-02 20:23:42,430 - BrowserEngine - INFO - 开始谷歌浏览器
2019-03-02 20:23:51,202 - BrowserEngine - INFO - 打开地址：http://192.168.43.159/forum.php
2019-03-02 20:23:52,376 - BrowserEngine - INFO - 最大化当前窗口
2019-03-02 20:23:52,403 - BrowserEngine - INFO - 设置隐式等待时间为10秒
2019-03-02 20:23:52,828 - BasePage - INFO - 输入内容：lixiaoting
2019-03-02 20:23:52,936 - BasePage - INFO - 输入内容：123456
2019-03-02 20:23:54,174 - BasePage - INFO - click
2019-03-02 20:24:10,176 - BasePage - INFO - click
2019-03-02 20:24:11,165 - BasePage - INFO - click
2019-03-02 20:24:11,907 - BasePage - INFO - click
2019-03-02 20:24:14,102 - BasePage - INFO - 输入内容：啦啦啦
2019-03-02 20:24:14,303 - BasePage - INFO - 输入内容：我是卖报的小行家
2019-03-02 20:24:14,557 - BasePage - INFO - 输入内容：不等天明来卖报
2019-03-02 20:24:14,694 - BasePage - INFO - click
2019-03-02 20:24:22,837 - BasePage - INFO - click
2019-03-02 20:24:25,786 - BasePage - INFO - click
2019-03-02 20:24:29,851 - DiscuzVote - INFO - 第一个选项的名称：1.  不等天明来卖报
2019-03-02 20:24:29,917 - DiscuzVote - INFO - 第一个选项的投票比例：100.00% (1)
2019-03-02 20:24:29,983 - DiscuzVote - INFO - 第二个选项的名字：2.  我是卖报的小行家
2019-03-02 20:24:30,041 - DiscuzVote - INFO - 第二个选项的投票比例：0.00% (0)
2019-03-02 20:24:30,092 - DiscuzVote - INFO - 投票的主题名称为：啦啦啦
2019-03-02 20:24:30,437 - BasePage - INFO - click
2019-03-02 20:24:30,437 - BrowserEngine - INFO - 关闭浏览器
