2019-03-02 20:26:14,106 - BrowserEngine - INFO - 你选择Chrome浏览器
2019-03-02 20:26:14,106 - BrowserEngine - INFO - 这个服务器的地址是：http://192.168.43.159/forum.php
2019-03-02 20:26:16,582 - BrowserEngine - INFO - 开始谷歌浏览器
2019-03-02 20:26:19,201 - BrowserEngine - INFO - 打开地址：http://192.168.43.159/forum.php
2019-03-02 20:26:20,371 - BrowserEngine - INFO - 最大化当前窗口
2019-03-02 20:26:20,374 - BrowserEngine - INFO - 设置隐式等待时间为10秒
2019-03-02 20:26:20,563 - BasePage - INFO - 输入内容：lixiaoting
2019-03-02 20:26:20,671 - BasePage - INFO - 输入内容：123456
2019-03-02 20:26:20,780 - BasePage - INFO - click
2019-03-02 20:26:36,636 - BasePage - INFO - click
2019-03-02 20:26:38,750 - BasePage - INFO - click
2019-03-02 20:26:39,323 - BasePage - INFO - click
2019-03-02 20:26:41,514 - BasePage - INFO - 输入内容：啦啦啦
2019-03-02 20:26:41,637 - BasePage - INFO - 输入内容：我是卖报的小行家
2019-03-02 20:26:41,756 - BasePage - INFO - 输入内容：不等天明来卖报
2019-03-02 20:26:41,932 - BasePage - INFO - click
2019-03-02 20:26:48,376 - BasePage - INFO - click
2019-03-02 20:26:51,250 - BasePage - INFO - click
2019-03-02 20:26:55,340 - DiscuzVote - INFO - 第一个选项的名称：1.  不等天明来卖报
2019-03-02 20:26:55,394 - DiscuzVote - INFO - 第一个选项的投票比例：100.00% (1)
2019-03-02 20:26:55,501 - DiscuzVote - INFO - 第二个选项的名字：2.  我是卖报的小行家
2019-03-02 20:26:55,554 - DiscuzVote - INFO - 第二个选项的投票比例：0.00% (0)
2019-03-02 20:26:55,600 - DiscuzVote - INFO - 投票的主题名称为：啦啦啦
2019-03-02 20:26:55,852 - BasePage - INFO - click
2019-03-02 20:26:55,852 - BrowserEngine - INFO - 关闭浏览器
