2019-03-03 21:57:16,956 - BrowserEngine - INFO - 你选择Chrome浏览器
2019-03-03 21:57:16,956 - BrowserEngine - INFO - 这个服务器的地址是：http://192.168.43.159/forum.php
2019-03-03 21:57:20,071 - BrowserEngine - INFO - 开始谷歌浏览器
2019-03-03 21:57:26,082 - BrowserEngine - INFO - 打开地址：http://192.168.43.159/forum.php
2019-03-03 21:57:27,205 - BrowserEngine - INFO - 最大化当前窗口
2019-03-03 21:57:27,207 - BrowserEngine - INFO - 设置隐式等待时间为10秒
2019-03-03 21:57:27,402 - BasePage - INFO - 输入内容：lixiaoting
2019-03-03 21:57:27,501 - BasePage - INFO - 输入内容：123456
2019-03-03 21:57:27,611 - BasePage - INFO - click
2019-03-03 21:57:37,703 - BasePage - INFO - 帖子和期望值一样:lixiaoting
2019-03-03 21:57:38,070 - BasePage - INFO - 有截屏且保存路径是/img/
2019-03-03 21:57:41,611 - BasePage - INFO - click
2019-03-03 21:57:41,670 - BasePage - INFO - 帖子和期望值一样:nows
2019-03-03 21:57:41,980 - BasePage - INFO - 有截屏且保存路径是/img/
2019-03-03 21:57:41,980 - BrowserEngine - INFO - 关闭浏览器
2019-03-03 21:57:44,282 - BrowserEngine - INFO - 你选择Chrome浏览器
2019-03-03 21:57:44,282 - BrowserEngine - INFO - 这个服务器的地址是：http://192.168.43.159/forum.php
2019-03-03 21:57:47,537 - BrowserEngine - INFO - 开始谷歌浏览器
2019-03-03 21:58:00,165 - BrowserEngine - INFO - 打开地址：http://192.168.43.159/forum.php
2019-03-03 21:58:01,332 - BrowserEngine - INFO - 最大化当前窗口
2019-03-03 21:58:01,333 - BrowserEngine - INFO - 设置隐式等待时间为10秒
2019-03-03 21:58:01,511 - BasePage - INFO - 输入内容：admin
2019-03-03 21:58:01,610 - BasePage - INFO - 输入内容：hemeihua
2019-03-03 21:58:01,700 - BasePage - INFO - click
2019-03-03 21:58:11,818 - BasePage - INFO - 帖子和期望值一样:admin
2019-03-03 21:58:12,162 - BasePage - INFO - 有截屏且保存路径是/img/
2019-03-03 21:58:17,747 - BasePage - INFO - click
2019-03-03 21:58:17,875 - BasePage - INFO - click
2019-03-03 21:58:18,271 - BasePage - INFO - click
2019-03-03 21:58:18,887 - BasePage - INFO - click
2019-03-03 21:58:19,036 - BasePage - INFO - click
2019-03-03 21:58:25,196 - BasePage - INFO - 输入内容：hemeihua
2019-03-03 21:58:47,366 - BasePage - INFO - click
2019-03-03 21:58:49,726 - BasePage - INFO - click
2019-03-03 21:58:52,907 - BasePage - INFO - click
2019-03-03 21:58:53,225 - BasePage - INFO - click
2019-03-03 21:58:53,705 - BasePage - INFO - click
2019-03-03 21:58:59,032 - BasePage - INFO - click
2019-03-03 21:59:01,422 - BasePage - INFO - 输入内容：lixiaoting
2019-03-03 21:59:01,513 - BasePage - INFO - 输入内容：123456
2019-03-03 21:59:01,597 - BasePage - INFO - click
2019-03-03 21:59:11,724 - BasePage - INFO - 帖子和期望值一样:lixiaoting
2019-03-03 21:59:12,072 - BasePage - INFO - 有截屏且保存路径是/img/
2019-03-03 21:59:17,555 - BasePage - INFO - click
2019-03-03 21:59:22,722 - BasePage - INFO - 输入内容：幸运
2019-03-03 21:59:22,865 - BasePage - INFO - 输入内容：啦啦啦啦啦啦啦啦啦啦啦啦啦啦
2019-03-03 21:59:24,358 - BasePage - INFO - click
2019-03-03 21:59:26,616 - BasePage - INFO - 输入内容：每天都要加油啊啦啦啦啦啦啦啦啦啦啦啦啦啦
2019-03-03 21:59:26,876 - BasePage - INFO - click
2019-03-03 21:59:26,876 - BrowserEngine - INFO - 关闭浏览器
2019-03-03 21:59:30,222 - BrowserEngine - INFO - 你选择Chrome浏览器
2019-03-03 21:59:30,222 - BrowserEngine - INFO - 这个服务器的地址是：http://192.168.43.159/forum.php
2019-03-03 21:59:32,727 - BrowserEngine - INFO - 开始谷歌浏览器
2019-03-03 21:59:38,302 - BrowserEngine - INFO - 打开地址：http://192.168.43.159/forum.php
2019-03-03 21:59:39,485 - BrowserEngine - INFO - 最大化当前窗口
2019-03-03 21:59:39,504 - BrowserEngine - INFO - 设置隐式等待时间为10秒
2019-03-03 21:59:39,770 - BasePage - INFO - 输入内容：lixiaoting
2019-03-03 21:59:39,906 - BasePage - INFO - 输入内容：123456
2019-03-03 21:59:40,018 - BasePage - INFO - click
2019-03-03 21:59:50,133 - BasePage - INFO - 帖子和期望值一样:lixiaoting
2019-03-03 21:59:50,478 - BasePage - INFO - 有截屏且保存路径是/img/
2019-03-03 21:59:50,609 - BasePage - INFO - 输入内容：haotest
2019-03-03 21:59:50,746 - BasePage - INFO - click
2019-03-03 21:59:56,853 - BasePage - INFO - 帖子和期望值一样:haotest
2019-03-03 21:59:57,146 - BasePage - INFO - 有截屏且保存路径是/img/
2019-03-03 21:59:57,438 - BasePage - INFO - click
2019-03-03 21:59:57,440 - BrowserEngine - INFO - 关闭浏览器
2019-03-03 22:00:00,784 - BrowserEngine - INFO - 你选择Chrome浏览器
2019-03-03 22:00:00,784 - BrowserEngine - INFO - 这个服务器的地址是：http://192.168.43.159/forum.php
2019-03-03 22:00:03,203 - BrowserEngine - INFO - 开始谷歌浏览器
2019-03-03 22:00:05,684 - BrowserEngine - INFO - 打开地址：http://192.168.43.159/forum.php
2019-03-03 22:00:06,830 - BrowserEngine - INFO - 最大化当前窗口
2019-03-03 22:00:06,833 - BrowserEngine - INFO - 设置隐式等待时间为10秒
2019-03-03 22:00:07,065 - BasePage - INFO - 输入内容：lixiaoting
2019-03-03 22:00:07,180 - BasePage - INFO - 输入内容：123456
2019-03-03 22:00:07,293 - BasePage - INFO - click
2019-03-03 22:00:22,396 - BasePage - INFO - 帖子和期望值一样:lixiaoting
2019-03-03 22:00:22,748 - BasePage - INFO - 有截屏且保存路径是/img/
2019-03-03 22:00:23,394 - BasePage - INFO - click
2019-03-03 22:00:24,281 - BasePage - INFO - click
2019-03-03 22:00:24,811 - BasePage - INFO - click
2019-03-03 22:00:26,940 - BasePage - INFO - 输入内容：啦啦啦
2019-03-03 22:00:27,087 - BasePage - INFO - 输入内容：我是卖报的小行家
2019-03-03 22:00:27,196 - BasePage - INFO - 输入内容：不等天明来卖报
2019-03-03 22:00:27,327 - BasePage - INFO - click
2019-03-03 22:00:28,528 - BasePage - INFO - 帖子和期望值一样:啦啦啦
2019-03-03 22:00:28,909 - BasePage - INFO - 有截屏且保存路径是/img/
2019-03-03 22:00:33,101 - BasePage - INFO - click
2019-03-03 22:00:35,835 - BasePage - INFO - click
2019-03-03 22:00:39,932 - BasePage - INFO - 帖子和期望值一样:1.  我是卖报的小行家
2019-03-03 22:00:40,244 - BasePage - INFO - 有截屏且保存路径是/img/
2019-03-03 22:00:40,244 - DiscuzVote - INFO - 第一个选项的名称：1.  我是卖报的小行家
2019-03-03 22:00:40,304 - BasePage - INFO - 帖子和期望值一样:100.00% (1)
2019-03-03 22:00:40,608 - BasePage - INFO - 有截屏且保存路径是/img/
2019-03-03 22:00:40,608 - DiscuzVote - INFO - 第一个选项的投票比例：100.00% (1)
2019-03-03 22:00:40,668 - BasePage - INFO - 帖子和期望值一样:2.  不等天明来卖报
2019-03-03 22:00:41,015 - BasePage - INFO - 有截屏且保存路径是/img/
2019-03-03 22:00:41,015 - DiscuzVote - INFO - 第二个选项的名字：2.  不等天明来卖报
2019-03-03 22:00:41,075 - BasePage - INFO - 帖子和期望值一样:0.00% (0)
2019-03-03 22:00:41,391 - BasePage - INFO - 有截屏且保存路径是/img/
2019-03-03 22:00:41,391 - DiscuzVote - INFO - 第二个选项的投票比例：0.00% (0)
2019-03-03 22:00:41,441 - BasePage - INFO - 帖子和期望值一样:啦啦啦
2019-03-03 22:00:41,775 - BasePage - INFO - 有截屏且保存路径是/img/
2019-03-03 22:00:41,775 - DiscuzVote - INFO - 投票的主题名称为：啦啦啦
2019-03-03 22:00:42,071 - BasePage - INFO - click
2019-03-03 22:00:42,072 - BrowserEngine - INFO - 关闭浏览器
