2019-03-02 20:53:32,552 - BrowserEngine - INFO - 你选择Chrome浏览器
2019-03-02 20:53:32,552 - BrowserEngine - INFO - 这个服务器的地址是：http://192.168.43.159/forum.php
2019-03-02 20:53:39,232 - BrowserEngine - INFO - 开始谷歌浏览器
2019-03-02 20:53:47,916 - BrowserEngine - INFO - 打开地址：http://192.168.43.159/forum.php
2019-03-02 20:53:49,064 - BrowserEngine - INFO - 最大化当前窗口
2019-03-02 20:53:49,092 - BrowserEngine - INFO - 设置隐式等待时间为10秒
2019-03-02 20:53:49,560 - BasePage - INFO - 输入内容：lixiaoting
2019-03-02 20:53:49,694 - BasePage - INFO - 输入内容：123456
2019-03-02 20:53:50,261 - BasePage - INFO - click
2019-03-02 20:54:01,690 - BasePage - INFO - click
2019-03-02 20:54:01,773 - BrowserEngine - INFO - 关闭浏览器
2019-03-02 20:54:04,175 - BrowserEngine - INFO - 你选择Chrome浏览器
2019-03-02 20:54:04,176 - BrowserEngine - INFO - 这个服务器的地址是：http://192.168.43.159/forum.php
2019-03-02 20:54:07,284 - BrowserEngine - INFO - 开始谷歌浏览器
2019-03-02 20:54:10,826 - BrowserEngine - INFO - 打开地址：http://192.168.43.159/forum.php
2019-03-02 20:54:11,988 - BrowserEngine - INFO - 最大化当前窗口
2019-03-02 20:54:11,990 - BrowserEngine - INFO - 设置隐式等待时间为10秒
2019-03-02 20:54:12,200 - BasePage - INFO - 输入内容：admin
2019-03-02 20:54:12,304 - BasePage - INFO - 输入内容：hemeihua
2019-03-02 20:54:12,402 - BasePage - INFO - click
2019-03-02 20:54:29,389 - BasePage - INFO - click
2019-03-02 20:54:29,501 - BasePage - INFO - click
2019-03-02 20:54:29,938 - BasePage - INFO - click
2019-03-02 20:54:30,534 - BasePage - INFO - click
2019-03-02 20:54:30,740 - BasePage - INFO - click
2019-03-02 20:54:36,928 - BasePage - INFO - 输入内容：hemeihua
2019-03-02 20:54:59,464 - BasePage - INFO - click
2019-03-02 20:55:01,853 - BasePage - INFO - click
2019-03-02 20:55:05,161 - BasePage - INFO - click
2019-03-02 20:55:05,499 - BasePage - INFO - click
2019-03-02 20:55:07,090 - BasePage - INFO - click
2019-03-02 20:55:12,417 - BasePage - INFO - click
2019-03-02 20:55:14,781 - BasePage - INFO - 输入内容：lixiaoting
2019-03-02 20:55:14,874 - BasePage - INFO - 输入内容：123456
2019-03-02 20:55:14,951 - BasePage - INFO - click
2019-03-02 20:55:30,526 - BasePage - INFO - click
2019-03-02 20:55:35,629 - BasePage - INFO - 输入内容：幸运
2019-03-02 20:55:35,770 - BasePage - INFO - 输入内容：啦啦啦啦啦啦啦啦啦啦啦啦啦啦
2019-03-02 20:55:38,005 - BasePage - INFO - click
2019-03-02 20:55:40,291 - BasePage - INFO - 输入内容：每天都要加油啊啦啦啦啦啦啦啦啦啦啦啦啦啦
2019-03-02 20:55:40,584 - BasePage - INFO - click
2019-03-02 20:55:40,584 - BrowserEngine - INFO - 关闭浏览器
2019-03-02 20:55:43,061 - BrowserEngine - INFO - 你选择Chrome浏览器
2019-03-02 20:55:43,062 - BrowserEngine - INFO - 这个服务器的地址是：http://192.168.43.159/forum.php
2019-03-02 20:55:46,194 - BrowserEngine - INFO - 开始谷歌浏览器
2019-03-02 20:55:49,866 - BrowserEngine - INFO - 打开地址：http://192.168.43.159/forum.php
2019-03-02 20:55:50,983 - BrowserEngine - INFO - 最大化当前窗口
2019-03-02 20:55:50,994 - BrowserEngine - INFO - 设置隐式等待时间为10秒
2019-03-02 20:55:51,225 - BasePage - INFO - 输入内容：lixiaoting
2019-03-02 20:55:51,327 - BasePage - INFO - 输入内容：123456
2019-03-02 20:55:51,437 - BasePage - INFO - click
2019-03-02 20:56:01,692 - BasePage - INFO - 输入内容：haotest
2019-03-02 20:56:01,812 - BasePage - INFO - click
2019-03-02 20:56:08,220 - BasePage - INFO - click
2019-03-02 20:56:08,220 - BrowserEngine - INFO - 关闭浏览器
2019-03-02 20:56:10,525 - BrowserEngine - INFO - 你选择Chrome浏览器
2019-03-02 20:56:10,525 - BrowserEngine - INFO - 这个服务器的地址是：http://192.168.43.159/forum.php
2019-03-02 20:56:13,150 - BrowserEngine - INFO - 开始谷歌浏览器
2019-03-02 20:56:16,073 - BrowserEngine - INFO - 打开地址：http://192.168.43.159/forum.php
2019-03-02 20:56:17,242 - BrowserEngine - INFO - 最大化当前窗口
2019-03-02 20:56:17,244 - BrowserEngine - INFO - 设置隐式等待时间为10秒
2019-03-02 20:56:17,441 - BasePage - INFO - 输入内容：lixiaoting
2019-03-02 20:56:17,530 - BasePage - INFO - 输入内容：123456
2019-03-02 20:56:17,627 - BasePage - INFO - click
2019-03-02 20:56:35,972 - BasePage - INFO - click
2019-03-02 20:56:36,649 - BasePage - INFO - click
2019-03-02 20:56:37,208 - BasePage - INFO - click
2019-03-02 20:56:39,398 - BasePage - INFO - 输入内容：啦啦啦
2019-03-02 20:56:39,538 - BasePage - INFO - 输入内容：我是卖报的小行家
2019-03-02 20:56:39,657 - BasePage - INFO - 输入内容：不等天明来卖报
2019-03-02 20:56:39,788 - BasePage - INFO - click
2019-03-02 20:56:45,504 - BasePage - INFO - click
2019-03-02 20:56:48,388 - BasePage - INFO - click
2019-03-02 20:56:52,525 - DiscuzVote - INFO - 第一个选项的名称：1.  不等天明来卖报
2019-03-02 20:56:52,596 - DiscuzVote - INFO - 第一个选项的投票比例：100.00% (1)
2019-03-02 20:56:52,650 - DiscuzVote - INFO - 第二个选项的名字：2.  我是卖报的小行家
2019-03-02 20:56:52,706 - DiscuzVote - INFO - 第二个选项的投票比例：0.00% (0)
2019-03-02 20:56:52,758 - DiscuzVote - INFO - 投票的主题名称为：啦啦啦
2019-03-02 20:56:53,085 - BasePage - INFO - click
2019-03-02 20:56:53,086 - BrowserEngine - INFO - 关闭浏览器
