2019-03-03 22:06:02,082 - BrowserEngine - INFO - 你选择Chrome浏览器
2019-03-03 22:06:02,082 - BrowserEngine - INFO - 这个服务器的地址是：http://192.168.43.159/forum.php
2019-03-03 22:06:05,861 - BrowserEngine - INFO - 开始谷歌浏览器
2019-03-03 22:06:10,333 - BrowserEngine - INFO - 打开地址：http://192.168.43.159/forum.php
2019-03-03 22:06:11,483 - BrowserEngine - INFO - 最大化当前窗口
2019-03-03 22:06:11,485 - BrowserEngine - INFO - 设置隐式等待时间为10秒
2019-03-03 22:06:11,681 - BasePage - INFO - 输入内容：lixiaoting
2019-03-03 22:06:11,782 - BasePage - INFO - 输入内容：123456
2019-03-03 22:06:11,885 - BasePage - INFO - click
2019-03-03 22:06:21,986 - BasePage - INFO - 帖子和期望值一样:lixiaoting
2019-03-03 22:06:22,361 - BasePage - INFO - 有截屏且保存路径是/img/
2019-03-03 22:06:23,237 - BasePage - INFO - click
2019-03-03 22:06:23,314 - BasePage - INFO - 帖子和期望值一样:nows
2019-03-03 22:06:23,641 - BasePage - INFO - 有截屏且保存路径是/img/
2019-03-03 22:06:23,642 - BrowserEngine - INFO - 关闭浏览器
2019-03-03 22:06:50,313 - BrowserEngine - INFO - 你选择Chrome浏览器
2019-03-03 22:06:50,313 - BrowserEngine - INFO - 这个服务器的地址是：http://192.168.43.159/forum.php
2019-03-03 22:06:52,791 - BrowserEngine - INFO - 开始谷歌浏览器
2019-03-03 22:06:55,874 - BrowserEngine - INFO - 打开地址：http://192.168.43.159/forum.php
2019-03-03 22:06:57,017 - BrowserEngine - INFO - 最大化当前窗口
2019-03-03 22:06:57,023 - BrowserEngine - INFO - 设置隐式等待时间为10秒
2019-03-03 22:06:57,203 - BasePage - INFO - 输入内容：lixiaoting
2019-03-03 22:06:57,298 - BasePage - INFO - 输入内容：123456
2019-03-03 22:06:57,384 - BasePage - INFO - click
2019-03-03 22:07:07,470 - BasePage - INFO - 帖子和期望值一样:lixiaoting
2019-03-03 22:07:07,818 - BasePage - INFO - 有截屏且保存路径是/img/
2019-03-03 22:07:08,518 - BasePage - INFO - click
2019-03-03 22:07:08,579 - BasePage - INFO - 帖子和期望值一样:nows
2019-03-03 22:07:08,919 - BasePage - INFO - 有截屏且保存路径是/img/
2019-03-03 22:07:09,057 - BasePage - INFO - 输入内容：这是题目
2019-03-03 22:07:09,176 - BasePage - INFO - 输入内容：这是我写的内容，啦啦
2019-03-03 22:07:10,805 - BasePage - INFO - click
2019-03-03 22:07:11,058 - BasePage - INFO - 输入内容：这是我给你的回复
2019-03-03 22:07:11,325 - BasePage - INFO - click
2019-03-03 22:07:11,712 - BasePage - INFO - click
2019-03-03 22:07:11,712 - BrowserEngine - INFO - 关闭浏览器
