2019-03-04 08:58:33,390 - BrowserEngine - INFO - 你选择Chrome浏览器
2019-03-04 08:58:33,410 - BrowserEngine - INFO - 这个服务器的地址是：http://192.168.43.159/forum.php
2019-03-04 08:59:06,508 - BrowserEngine - INFO - 开始谷歌浏览器
2019-03-04 08:59:22,484 - BrowserEngine - INFO - 打开地址：http://192.168.43.159/forum.php
2019-03-04 08:59:23,741 - BrowserEngine - INFO - 最大化当前窗口
2019-03-04 08:59:23,761 - BrowserEngine - INFO - 设置隐式等待时间为10秒
2019-03-04 08:59:25,914 - BasePage - INFO - 输入内容：lixiaoting
2019-03-04 08:59:26,094 - BasePage - INFO - 输入内容：123456
2019-03-04 08:59:26,584 - BasePage - INFO - click
2019-03-04 08:59:37,228 - BasePage - INFO - 帖子和期望值一样:lixiaoting
2019-03-04 08:59:37,735 - BasePage - INFO - 有截屏且保存路径是/img/
2019-03-04 08:59:41,856 - BasePage - INFO - click
2019-03-04 08:59:41,915 - BasePage - INFO - 帖子和期望值一样:nows
2019-03-04 08:59:42,252 - BasePage - INFO - 有截屏且保存路径是/img/
2019-03-04 08:59:42,675 - BasePage - INFO - 输入内容：这是题目
2019-03-04 08:59:43,520 - BasePage - INFO - 输入内容：这是我写的内容，啦啦
2019-03-04 08:59:47,183 - BasePage - INFO - click
2019-03-04 08:59:47,377 - BasePage - INFO - 输入内容：这是我给你的回复
2019-03-04 08:59:47,681 - BasePage - INFO - click
2019-03-04 08:59:48,280 - BasePage - INFO - click
2019-03-04 08:59:48,281 - BrowserEngine - INFO - 关闭浏览器
2019-03-04 08:59:50,593 - BrowserEngine - INFO - 你选择Chrome浏览器
2019-03-04 08:59:51,283 - BrowserEngine - INFO - 这个服务器的地址是：http://192.168.43.159/forum.php
2019-03-04 08:59:56,232 - BrowserEngine - INFO - 开始谷歌浏览器
2019-03-04 09:00:02,237 - BrowserEngine - INFO - 打开地址：http://192.168.43.159/forum.php
2019-03-04 09:00:03,373 - BrowserEngine - INFO - 最大化当前窗口
2019-03-04 09:00:03,381 - BrowserEngine - INFO - 设置隐式等待时间为10秒
2019-03-04 09:00:03,562 - BasePage - INFO - 输入内容：admin
2019-03-04 09:00:03,694 - BasePage - INFO - 输入内容：hemeihua
2019-03-04 09:00:03,787 - BasePage - INFO - click
2019-03-04 09:00:14,243 - BasePage - INFO - 帖子和期望值一样:admin
2019-03-04 09:00:14,629 - BasePage - INFO - 有截屏且保存路径是/img/
2019-03-04 09:00:21,781 - BasePage - INFO - click
2019-03-04 09:00:22,020 - BasePage - INFO - click
2019-03-04 09:00:24,418 - BasePage - INFO - click
2019-03-04 09:00:25,616 - BasePage - INFO - click
2019-03-04 09:00:27,113 - BasePage - INFO - click
2019-03-04 09:00:33,412 - BasePage - INFO - 输入内容：hemeihua
2019-03-04 09:00:56,867 - BasePage - INFO - click
2019-03-04 09:00:59,260 - BasePage - INFO - click
2019-03-04 09:01:02,759 - BasePage - INFO - click
2019-03-04 09:01:03,213 - BasePage - INFO - click
2019-03-04 09:01:03,876 - BasePage - INFO - click
2019-03-04 09:01:09,289 - BasePage - INFO - click
2019-03-04 09:01:11,590 - BasePage - INFO - 输入内容：lixiaoting
2019-03-04 09:01:11,676 - BasePage - INFO - 输入内容：123456
2019-03-04 09:01:11,751 - BasePage - INFO - click
2019-03-04 09:01:21,822 - BasePage - INFO - 帖子和期望值一样:lixiaoting
2019-03-04 09:01:22,154 - BasePage - INFO - 有截屏且保存路径是/img/
2019-03-04 09:01:27,818 - BasePage - INFO - click
2019-03-04 09:01:32,913 - BasePage - INFO - 输入内容：幸运
2019-03-04 09:01:33,359 - BasePage - INFO - 输入内容：啦啦啦啦啦啦啦啦啦啦啦啦啦啦
2019-03-04 09:01:38,967 - BasePage - INFO - click
2019-03-04 09:01:41,344 - BasePage - INFO - 输入内容：每天都要加油啊啦啦啦啦啦啦啦啦啦啦啦啦啦
2019-03-04 09:01:41,618 - BasePage - INFO - click
2019-03-04 09:01:41,618 - BrowserEngine - INFO - 关闭浏览器
2019-03-04 09:01:43,962 - BrowserEngine - INFO - 你选择Chrome浏览器
2019-03-04 09:01:43,962 - BrowserEngine - INFO - 这个服务器的地址是：http://192.168.43.159/forum.php
2019-03-04 09:01:50,610 - BrowserEngine - INFO - 开始谷歌浏览器
2019-03-04 09:01:59,592 - BrowserEngine - INFO - 打开地址：http://192.168.43.159/forum.php
2019-03-04 09:02:00,738 - BrowserEngine - INFO - 最大化当前窗口
2019-03-04 09:02:00,745 - BrowserEngine - INFO - 设置隐式等待时间为10秒
2019-03-04 09:02:00,933 - BasePage - INFO - 输入内容：lixiaoting
2019-03-04 09:02:01,032 - BasePage - INFO - 输入内容：123456
2019-03-04 09:02:01,119 - BasePage - INFO - click
2019-03-04 09:02:11,202 - BasePage - INFO - 帖子和期望值一样:lixiaoting
2019-03-04 09:02:11,552 - BasePage - INFO - 有截屏且保存路径是/img/
2019-03-04 09:02:11,683 - BasePage - INFO - 输入内容：haotest
2019-03-04 09:02:11,817 - BasePage - INFO - click
2019-03-04 09:02:17,985 - BasePage - INFO - 帖子和期望值一样:haotest
2019-03-04 09:02:18,330 - BasePage - INFO - 有截屏且保存路径是/img/
2019-03-04 09:02:24,415 - BasePage - INFO - click
2019-03-04 09:02:24,416 - BrowserEngine - INFO - 关闭浏览器
2019-03-04 09:02:26,826 - BrowserEngine - INFO - 你选择Chrome浏览器
2019-03-04 09:02:26,827 - BrowserEngine - INFO - 这个服务器的地址是：http://192.168.43.159/forum.php
2019-03-04 09:02:29,781 - BrowserEngine - INFO - 开始谷歌浏览器
2019-03-04 09:02:37,188 - BrowserEngine - INFO - 打开地址：http://192.168.43.159/forum.php
2019-03-04 09:02:38,318 - BrowserEngine - INFO - 最大化当前窗口
2019-03-04 09:02:38,320 - BrowserEngine - INFO - 设置隐式等待时间为10秒
2019-03-04 09:02:38,550 - BasePage - INFO - 输入内容：lixiaoting
2019-03-04 09:02:38,663 - BasePage - INFO - 输入内容：123456
2019-03-04 09:02:38,746 - BasePage - INFO - click
2019-03-04 09:02:53,838 - BasePage - INFO - 帖子和期望值一样:lixiaoting
2019-03-04 09:02:54,198 - BasePage - INFO - 有截屏且保存路径是/img/
2019-03-04 09:02:55,016 - BasePage - INFO - click
2019-03-04 09:02:56,478 - BasePage - INFO - click
2019-03-04 09:02:57,025 - BasePage - INFO - click
2019-03-04 09:02:59,196 - BasePage - INFO - 输入内容：啦啦啦
2019-03-04 09:02:59,373 - BasePage - INFO - 输入内容：我是卖报的小行家
2019-03-04 09:02:59,538 - BasePage - INFO - 输入内容：不等天明来卖报
2019-03-04 09:02:59,706 - BasePage - INFO - click
2019-03-04 09:03:02,097 - BasePage - INFO - 帖子和期望值一样:啦啦啦
2019-03-04 09:03:02,430 - BasePage - INFO - 有截屏且保存路径是/img/
2019-03-04 09:03:06,598 - BasePage - INFO - click
2019-03-04 09:03:12,690 - BasePage - INFO - click
2019-03-04 09:03:16,774 - BasePage - INFO - 帖子和期望值一样:1.  我是卖报的小行家
2019-03-04 09:03:17,159 - BasePage - INFO - 有截屏且保存路径是/img/
2019-03-04 09:03:17,159 - DiscuzVote - INFO - 第一个选项的名称：1.  我是卖报的小行家
2019-03-04 09:03:17,226 - BasePage - INFO - 帖子和期望值一样:100.00% (1)
2019-03-04 09:03:17,566 - BasePage - INFO - 有截屏且保存路径是/img/
2019-03-04 09:03:17,567 - DiscuzVote - INFO - 第一个选项的投票比例：100.00% (1)
2019-03-04 09:03:17,619 - BasePage - INFO - 帖子和期望值一样:2.  不等天明来卖报
2019-03-04 09:03:17,961 - BasePage - INFO - 有截屏且保存路径是/img/
2019-03-04 09:03:17,961 - DiscuzVote - INFO - 第二个选项的名字：2.  不等天明来卖报
2019-03-04 09:03:18,023 - BasePage - INFO - 帖子和期望值一样:0.00% (0)
2019-03-04 09:03:18,343 - BasePage - INFO - 有截屏且保存路径是/img/
2019-03-04 09:03:18,343 - DiscuzVote - INFO - 第二个选项的投票比例：0.00% (0)
2019-03-04 09:03:18,393 - BasePage - INFO - 帖子和期望值一样:啦啦啦
2019-03-04 09:03:18,734 - BasePage - INFO - 有截屏且保存路径是/img/
2019-03-04 09:03:18,734 - DiscuzVote - INFO - 投票的主题名称为：啦啦啦
2019-03-04 09:03:20,008 - BasePage - INFO - click
2019-03-04 09:03:20,009 - BrowserEngine - INFO - 关闭浏览器
