2019-03-02 16:42:01,183 - BrowserEngine - INFO - 你选择Chrome浏览器
2019-03-02 16:42:01,183 - BrowserEngine - INFO - 这个服务器的地址是：http://192.168.43.159/forum.php
2019-03-02 16:42:04,439 - BrowserEngine - INFO - 开始谷歌浏览器
2019-03-02 16:42:07,340 - BrowserEngine - INFO - 打开地址：http://192.168.43.159/forum.php
2019-03-02 16:42:08,503 - BrowserEngine - INFO - 最大化当前窗口
2019-03-02 16:42:08,507 - BrowserEngine - INFO - 设置隐式等待时间为10秒
2019-03-02 16:42:08,684 - BasePage - INFO - 输入内容：lixiaoting
2019-03-02 16:42:08,776 - BasePage - INFO - 输入内容：123456
2019-03-02 16:42:08,857 - BasePage - INFO - click
2019-03-02 16:42:20,054 - BasePage - INFO - click
2019-03-02 16:42:20,492 - BasePage - INFO - 输入内容：这是题目
2019-03-02 16:42:20,732 - BasePage - INFO - 输入内容：这是我写的内容，啦啦
2019-03-02 16:42:22,412 - BasePage - INFO - click
2019-03-02 16:42:22,689 - BasePage - INFO - 输入内容：这是我给你的回复
2019-03-02 16:42:23,054 - BasePage - INFO - click
2019-03-02 16:42:23,367 - BasePage - INFO - click
2019-03-02 16:42:23,370 - BrowserEngine - INFO - 关闭浏览器
2019-03-02 16:42:49,289 - BrowserEngine - INFO - 你选择Chrome浏览器
2019-03-02 16:42:49,289 - BrowserEngine - INFO - 这个服务器的地址是：http://192.168.43.159/forum.php
2019-03-02 16:42:52,339 - BrowserEngine - INFO - 开始谷歌浏览器
2019-03-02 16:42:55,199 - BrowserEngine - INFO - 打开地址：http://192.168.43.159/forum.php
2019-03-02 16:42:56,358 - BrowserEngine - INFO - 最大化当前窗口
2019-03-02 16:42:56,370 - BrowserEngine - INFO - 设置隐式等待时间为10秒
2019-03-02 16:42:56,546 - BasePage - INFO - 输入内容：lixiaotin
2019-03-02 16:42:56,640 - BasePage - INFO - 输入内容：123456
2019-03-02 16:42:56,720 - BasePage - INFO - click
2019-03-02 16:43:17,258 - BasePage - ERROR - <pageobject.discuz_send_reply.SendReply object at 0x03DA6D50>页面中未找到('css selector', '.vwmy a')元素
2019-03-02 16:43:17,258 - BasePage - INFO - 帖子和期望值不同:'NoneType' object has no attribute 'text'
2019-03-02 16:43:17,258 - BrowserEngine - INFO - 关闭浏览器
