2019-03-02 18:20:48,809 - BrowserEngine - INFO - 你选择Chrome浏览器
2019-03-02 18:20:48,810 - BrowserEngine - INFO - 这个服务器的地址是：http://192.168.43.159/forum.php
2019-03-02 18:20:52,651 - BrowserEngine - INFO - 开始谷歌浏览器
2019-03-02 18:20:56,592 - BrowserEngine - INFO - 打开地址：http://192.168.43.159/forum.php
2019-03-02 18:20:57,733 - BrowserEngine - INFO - 最大化当前窗口
2019-03-02 18:20:57,738 - BrowserEngine - INFO - 设置隐式等待时间为10秒
2019-03-02 18:20:57,920 - BasePage - INFO - 输入内容：admin
2019-03-02 18:20:58,038 - BasePage - INFO - 输入内容：hemeihua
2019-03-02 18:20:58,125 - BasePage - INFO - click
2019-03-02 18:21:08,768 - BasePage - INFO - click
2019-03-02 18:21:08,884 - BasePage - INFO - click
2019-03-02 18:21:09,598 - BasePage - INFO - click
2019-03-02 18:21:10,759 - BasePage - INFO - click
2019-03-02 18:21:10,914 - BasePage - INFO - click
2019-03-02 18:21:27,486 - BasePage - ERROR - <pageobject.discuz_delete.Delete object at 0x04239DD0>页面中未找到('css selector', '.loginform input')元素
2019-03-02 18:21:27,487 - BasePage - ERROR - 输入内容失败：'NoneType' object has no attribute 'send_keys'
2019-03-02 18:21:38,035 - BasePage - ERROR - <pageobject.discuz_delete.Delete object at 0x04239DD0>页面中未找到('css selector', '.loginnofloat input')元素
2019-03-02 18:21:38,036 - BasePage - ERROR - 单击失败'NoneType' object has no attribute 'click'
2019-03-02 18:21:40,357 - BasePage - INFO - click
2019-03-02 18:21:53,889 - BasePage - ERROR - <pageobject.discuz_delete.Delete object at 0x04239DD0>页面中未找到('css selector', '.itemtitle h3')元素
2019-03-02 18:21:53,889 - BasePage - INFO - 帖子和期望值不同:'NoneType' object has no attribute 'text'
2019-03-02 18:21:53,890 - BrowserEngine - INFO - 关闭浏览器
