2019-03-03 21:46:44,819 - BrowserEngine - INFO - 你选择Chrome浏览器
2019-03-03 21:46:44,819 - BrowserEngine - INFO - 这个服务器的地址是：http://192.168.43.159/forum.php
2019-03-03 21:46:47,352 - BrowserEngine - INFO - 开始谷歌浏览器
2019-03-03 21:46:50,167 - BrowserEngine - INFO - 打开地址：http://192.168.43.159/forum.php
2019-03-03 21:46:51,333 - BrowserEngine - INFO - 最大化当前窗口
2019-03-03 21:46:51,334 - BrowserEngine - INFO - 设置隐式等待时间为10秒
2019-03-03 21:46:51,557 - BasePage - INFO - 输入内容：lixiaoting
2019-03-03 21:46:51,647 - BasePage - INFO - 输入内容：123456
2019-03-03 21:46:51,724 - BasePage - INFO - click
2019-03-03 21:47:01,797 - BasePage - INFO - 帖子和期望值一样:lixiaoting
2019-03-03 21:47:02,172 - BasePage - INFO - 有截屏且保存路径是/img/
2019-03-03 21:47:03,012 - BasePage - INFO - click
2019-03-03 21:47:03,165 - BasePage - INFO - 帖子和期望值一样:nows
2019-03-03 21:47:03,536 - BasePage - INFO - 有截屏且保存路径是/img/
2019-03-03 21:47:03,536 - BrowserEngine - INFO - 关闭浏览器
2019-03-03 21:47:05,860 - BrowserEngine - INFO - 你选择Chrome浏览器
2019-03-03 21:47:05,860 - BrowserEngine - INFO - 这个服务器的地址是：http://192.168.43.159/forum.php
2019-03-03 21:47:08,502 - BrowserEngine - INFO - 开始谷歌浏览器
2019-03-03 21:47:11,006 - BrowserEngine - INFO - 打开地址：http://192.168.43.159/forum.php
2019-03-03 21:47:12,154 - BrowserEngine - INFO - 最大化当前窗口
2019-03-03 21:47:12,159 - BrowserEngine - INFO - 设置隐式等待时间为10秒
2019-03-03 21:47:12,351 - BasePage - INFO - 输入内容：admin
2019-03-03 21:47:12,484 - BasePage - INFO - 输入内容：hemeihua
2019-03-03 21:47:12,580 - BasePage - INFO - click
2019-03-03 21:47:22,710 - BasePage - INFO - 帖子和期望值一样:admin
2019-03-03 21:47:23,086 - BasePage - INFO - 有截屏且保存路径是/img/
2019-03-03 21:47:29,165 - BasePage - INFO - click
2019-03-03 21:47:29,273 - BasePage - INFO - click
2019-03-03 21:47:29,627 - BasePage - INFO - click
2019-03-03 21:47:30,179 - BasePage - INFO - click
2019-03-03 21:47:30,370 - BasePage - INFO - click
2019-03-03 21:47:36,541 - BasePage - INFO - 输入内容：hemeihua
2019-03-03 21:47:58,573 - BasePage - INFO - click
2019-03-03 21:48:00,969 - BasePage - INFO - click
2019-03-03 21:48:04,143 - BasePage - INFO - click
2019-03-03 21:48:04,511 - BasePage - INFO - click
2019-03-03 21:48:04,932 - BasePage - INFO - click
2019-03-03 21:48:10,254 - BasePage - INFO - click
2019-03-03 21:48:12,632 - BasePage - INFO - 输入内容：lixiaoting
2019-03-03 21:48:12,714 - BasePage - INFO - 输入内容：123456
2019-03-03 21:48:12,793 - BasePage - INFO - click
2019-03-03 21:48:22,894 - BasePage - INFO - 帖子和期望值一样:lixiaoting
2019-03-03 21:48:23,244 - BasePage - INFO - 有截屏且保存路径是/img/
2019-03-03 21:48:28,731 - BasePage - INFO - click
2019-03-03 21:48:33,892 - BasePage - INFO - 输入内容：幸运
2019-03-03 21:48:34,082 - BasePage - INFO - 输入内容：啦啦啦啦啦啦啦啦啦啦啦啦啦啦
2019-03-03 21:48:35,235 - BasePage - INFO - click
2019-03-03 21:48:37,516 - BasePage - INFO - 输入内容：每天都要加油啊啦啦啦啦啦啦啦啦啦啦啦啦啦
2019-03-03 21:48:37,801 - BasePage - INFO - click
2019-03-03 21:48:37,802 - BrowserEngine - INFO - 关闭浏览器
2019-03-03 21:48:40,136 - BrowserEngine - INFO - 你选择Chrome浏览器
2019-03-03 21:48:40,136 - BrowserEngine - INFO - 这个服务器的地址是：http://192.168.43.159/forum.php
2019-03-03 21:48:42,600 - BrowserEngine - INFO - 开始谷歌浏览器
2019-03-03 21:48:45,904 - BrowserEngine - INFO - 打开地址：http://192.168.43.159/forum.php
2019-03-03 21:48:47,037 - BrowserEngine - INFO - 最大化当前窗口
2019-03-03 21:48:47,040 - BrowserEngine - INFO - 设置隐式等待时间为10秒
2019-03-03 21:48:47,272 - BasePage - INFO - 输入内容：lixiaoting
2019-03-03 21:48:47,378 - BasePage - INFO - 输入内容：123456
2019-03-03 21:48:47,469 - BasePage - INFO - click
2019-03-03 21:48:57,539 - BasePage - INFO - 帖子和期望值一样:lixiaoting
2019-03-03 21:48:57,880 - BasePage - INFO - 有截屏且保存路径是/img/
2019-03-03 21:48:58,012 - BasePage - INFO - 输入内容：haotest
2019-03-03 21:48:58,131 - BasePage - INFO - click
2019-03-03 21:49:04,271 - BasePage - INFO - 帖子和期望值一样:haotest
2019-03-03 21:49:04,590 - BasePage - INFO - 有截屏且保存路径是/img/
2019-03-03 21:49:04,835 - BasePage - INFO - click
2019-03-03 21:49:04,835 - BrowserEngine - INFO - 关闭浏览器
2019-03-03 21:49:07,166 - BrowserEngine - INFO - 你选择Chrome浏览器
2019-03-03 21:49:07,166 - BrowserEngine - INFO - 这个服务器的地址是：http://192.168.43.159/forum.php
2019-03-03 21:49:09,584 - BrowserEngine - INFO - 开始谷歌浏览器
2019-03-03 21:49:12,563 - BrowserEngine - INFO - 打开地址：http://192.168.43.159/forum.php
2019-03-03 21:49:13,694 - BrowserEngine - INFO - 最大化当前窗口
2019-03-03 21:49:13,697 - BrowserEngine - INFO - 设置隐式等待时间为10秒
2019-03-03 21:49:13,966 - BasePage - INFO - 输入内容：lixiaoting
2019-03-03 21:49:14,068 - BasePage - INFO - 输入内容：123456
2019-03-03 21:49:14,161 - BasePage - INFO - click
2019-03-03 21:49:29,280 - BasePage - INFO - 帖子和期望值一样:lixiaoting
2019-03-03 21:49:29,642 - BasePage - INFO - 有截屏且保存路径是/img/
2019-03-03 21:49:30,407 - BasePage - INFO - click
2019-03-03 21:49:31,345 - BasePage - INFO - click
2019-03-03 21:49:31,971 - BasePage - INFO - click
2019-03-03 21:49:34,186 - BasePage - INFO - 输入内容：啦啦啦
2019-03-03 21:49:34,333 - BasePage - INFO - 输入内容：我是卖报的小行家
2019-03-03 21:49:34,458 - BasePage - INFO - 输入内容：不等天明来卖报
2019-03-03 21:49:34,591 - BasePage - INFO - click
2019-03-03 21:49:35,896 - BasePage - INFO - 帖子和期望值一样:啦啦啦
2019-03-03 21:49:36,261 - BasePage - INFO - 有截屏且保存路径是/img/
2019-03-03 21:49:40,403 - BasePage - INFO - click
2019-03-03 21:49:43,272 - BasePage - INFO - click
2019-03-03 21:49:47,398 - BasePage - INFO - 帖子和期望值一样:1.  我是卖报的小行家
2019-03-03 21:49:47,795 - BasePage - INFO - 有截屏且保存路径是/img/
2019-03-03 21:49:47,795 - DiscuzVote - INFO - 第一个选项的名称：1.  我是卖报的小行家
2019-03-03 21:49:47,845 - BasePage - INFO - 帖子和期望值一样:100.00% (1)
2019-03-03 21:49:48,180 - BasePage - INFO - 有截屏且保存路径是/img/
2019-03-03 21:49:48,180 - DiscuzVote - INFO - 第一个选项的投票比例：100.00% (1)
2019-03-03 21:49:48,240 - BasePage - INFO - 帖子和期望值一样:2.  不等天明来卖报
2019-03-03 21:49:48,586 - BasePage - INFO - 有截屏且保存路径是/img/
2019-03-03 21:49:48,586 - DiscuzVote - INFO - 第二个选项的名字：2.  不等天明来卖报
2019-03-03 21:49:48,638 - BasePage - INFO - 帖子和期望值一样:0.00% (0)
2019-03-03 21:49:48,958 - BasePage - INFO - 有截屏且保存路径是/img/
2019-03-03 21:49:48,958 - DiscuzVote - INFO - 第二个选项的投票比例：0.00% (0)
2019-03-03 21:49:48,998 - BasePage - INFO - 帖子和期望值一样:啦啦啦
2019-03-03 21:49:49,314 - BasePage - INFO - 有截屏且保存路径是/img/
2019-03-03 21:49:49,314 - DiscuzVote - INFO - 投票的主题名称为：啦啦啦
2019-03-03 21:49:49,603 - BasePage - INFO - click
2019-03-03 21:49:49,603 - BrowserEngine - INFO - 关闭浏览器
