2019-03-01 15:56:58,972 - BrowserEngine - INFO - 你选择Chrome浏览器
2019-03-01 15:56:58,972 - BrowserEngine - INFO - 这个服务器的地址是：http://192.168.1.148/forum.php
2019-03-01 15:57:01,887 - BrowserEngine - INFO - 开始谷歌浏览器
2019-03-01 15:57:04,790 - BrowserEngine - INFO - 打开地址：http://192.168.1.148/forum.php
2019-03-01 15:57:05,948 - BrowserEngine - INFO - 最大化当前窗口
2019-03-01 15:57:05,953 - BrowserEngine - INFO - 设置隐式等待时间为10秒
2019-03-01 15:57:06,182 - BasePage - INFO - 输入内容：lixiaoting
2019-03-01 15:57:06,299 - BasePage - INFO - 输入内容：123456
2019-03-01 15:57:06,385 - BasePage - INFO - click
2019-03-01 15:57:12,032 - BasePage - INFO - click
2019-03-01 15:57:12,179 - BasePage - INFO - 输入内容：这是题目
2019-03-01 15:57:12,404 - BasePage - INFO - 输入内容：这是我写的内容，啦啦
2019-03-01 15:57:13,976 - BasePage - INFO - click
2019-03-01 15:57:14,155 - BasePage - INFO - 输入内容：这是我给你的回复
2019-03-01 15:57:14,551 - BasePage - INFO - click
2019-03-01 15:57:15,166 - BasePage - INFO - click
2019-03-01 15:57:15,166 - BrowserEngine - INFO - 关闭浏览器
2019-03-01 15:57:17,500 - BrowserEngine - INFO - 你选择Chrome浏览器
2019-03-01 15:57:17,500 - BrowserEngine - INFO - 这个服务器的地址是：http://192.168.1.148/forum.php
2019-03-01 15:57:19,927 - BrowserEngine - INFO - 开始谷歌浏览器
2019-03-01 15:57:22,371 - BrowserEngine - INFO - 打开地址：http://192.168.1.148/forum.php
2019-03-01 15:57:23,526 - BrowserEngine - INFO - 最大化当前窗口
2019-03-01 15:57:23,528 - BrowserEngine - INFO - 设置隐式等待时间为10秒
2019-03-01 15:57:23,704 - BasePage - INFO - 输入内容：admin
2019-03-01 15:57:23,804 - BasePage - INFO - 输入内容：hemeihua
2019-03-01 15:57:23,879 - BasePage - INFO - click
2019-03-01 15:57:34,772 - BasePage - INFO - click
2019-03-01 15:57:34,936 - BasePage - INFO - click
2019-03-01 15:57:35,391 - BasePage - INFO - click
2019-03-01 15:57:36,062 - BasePage - INFO - click
2019-03-01 15:57:36,239 - BasePage - INFO - click
2019-03-01 15:57:42,428 - BasePage - INFO - 输入内容：hemeihua
2019-03-01 15:58:06,491 - BasePage - INFO - click
2019-03-01 15:58:08,841 - BasePage - INFO - click
2019-03-01 15:58:12,051 - BasePage - INFO - click
2019-03-01 15:58:12,430 - BasePage - INFO - click
2019-03-01 15:58:12,980 - BasePage - INFO - click
2019-03-01 15:58:18,376 - BasePage - INFO - click
2019-03-01 15:58:20,769 - BasePage - INFO - 输入内容：lixiaoting
2019-03-01 15:58:20,856 - BasePage - INFO - 输入内容：123456
2019-03-01 15:58:20,934 - BasePage - INFO - click
2019-03-01 15:58:31,457 - BasePage - INFO - click
2019-03-01 15:58:36,565 - BasePage - INFO - 输入内容：幸运
2019-03-01 15:58:36,749 - BasePage - INFO - 输入内容：啦啦啦啦啦啦啦啦啦啦啦啦啦啦
2019-03-01 15:58:38,405 - BasePage - INFO - click
2019-03-01 15:58:40,718 - BasePage - INFO - 输入内容：每天都要加油啊啦啦啦啦啦啦啦啦啦啦啦啦啦
2019-03-01 15:58:41,067 - BasePage - INFO - click
2019-03-01 15:58:41,068 - BrowserEngine - INFO - 关闭浏览器
2019-03-01 15:58:43,384 - BrowserEngine - INFO - 你选择Chrome浏览器
2019-03-01 15:58:43,385 - BrowserEngine - INFO - 这个服务器的地址是：http://192.168.1.148/forum.php
2019-03-01 15:58:45,762 - BrowserEngine - INFO - 开始谷歌浏览器
2019-03-01 15:58:48,625 - BrowserEngine - INFO - 打开地址：http://192.168.1.148/forum.php
2019-03-01 15:58:49,756 - BrowserEngine - INFO - 最大化当前窗口
2019-03-01 15:58:49,761 - BrowserEngine - INFO - 设置隐式等待时间为10秒
2019-03-01 15:58:49,976 - BasePage - INFO - 输入内容：lixiaoting
2019-03-01 15:58:50,082 - BasePage - INFO - 输入内容：123456
2019-03-01 15:58:50,204 - BasePage - INFO - click
2019-03-01 15:58:55,343 - BasePage - INFO - 输入内容：haotest
2019-03-01 15:58:55,464 - BasePage - INFO - click
2019-03-01 15:59:01,906 - BasePage - INFO - click
2019-03-01 15:59:01,907 - BrowserEngine - INFO - 关闭浏览器
2019-03-01 15:59:04,205 - BrowserEngine - INFO - 你选择Chrome浏览器
2019-03-01 15:59:04,205 - BrowserEngine - INFO - 这个服务器的地址是：http://192.168.1.148/forum.php
2019-03-01 15:59:07,051 - BrowserEngine - INFO - 开始谷歌浏览器
2019-03-01 15:59:10,726 - BrowserEngine - INFO - 打开地址：http://192.168.1.148/forum.php
2019-03-01 15:59:11,848 - BrowserEngine - INFO - 最大化当前窗口
2019-03-01 15:59:11,850 - BrowserEngine - INFO - 设置隐式等待时间为10秒
2019-03-01 15:59:12,088 - BasePage - INFO - 输入内容：lixiaoting
2019-03-01 15:59:12,191 - BasePage - INFO - 输入内容：123456
2019-03-01 15:59:12,291 - BasePage - INFO - click
2019-03-01 15:59:23,025 - BasePage - INFO - click
2019-03-01 15:59:23,658 - BasePage - INFO - click
2019-03-01 15:59:24,297 - BasePage - INFO - click
2019-03-01 15:59:26,457 - BasePage - INFO - 输入内容：啦啦啦
2019-03-01 15:59:26,579 - BasePage - INFO - 输入内容：我是卖报的小行家
2019-03-01 15:59:26,691 - BasePage - INFO - 输入内容：不等天明来卖报
2019-03-01 15:59:26,824 - BasePage - INFO - click
2019-03-01 15:59:30,940 - BasePage - INFO - click
2019-03-01 15:59:33,904 - BasePage - INFO - click
2019-03-01 15:59:38,018 - DiscuzVote - INFO - 第一个选项的名称：1.  不等天明来卖报
2019-03-01 15:59:38,070 - DiscuzVote - INFO - 第一个选项的投票比例：100.00% (1)
2019-03-01 15:59:38,120 - DiscuzVote - INFO - 第二个选项的名字：2.  我是卖报的小行家
2019-03-01 15:59:38,172 - DiscuzVote - INFO - 第二个选项的投票比例：0.00% (0)
2019-03-01 15:59:38,222 - DiscuzVote - INFO - 投票的主题名称为：啦啦啦
2019-03-01 15:59:38,508 - BasePage - INFO - click
2019-03-01 15:59:38,508 - BrowserEngine - INFO - 关闭浏览器
