2019-02-28 19:15:34,342 - BrowserEngine - INFO - 你选择Chrome浏览器
2019-02-28 19:15:34,354 - BrowserEngine - INFO - 这个服务器的地址是：http://127.0.0.1/forum.php
2019-02-28 19:15:39,212 - BrowserEngine - INFO - 开始谷歌浏览器
2019-02-28 19:15:42,212 - BrowserEngine - INFO - 打开地址：http://127.0.0.1/forum.php
2019-02-28 19:15:43,439 - BrowserEngine - INFO - 最大化当前窗口
2019-02-28 19:15:43,446 - BrowserEngine - INFO - 设置隐式等待时间为10秒
2019-02-28 19:15:43,809 - BasePage - INFO - 输入内容：lixiaoting
2019-02-28 19:15:43,967 - BasePage - INFO - 输入内容：123456
2019-02-28 19:15:44,102 - BasePage - INFO - click
2019-02-28 19:15:50,183 - BasePage - INFO - click
2019-02-28 19:15:50,411 - BasePage - INFO - 输入内容：这是题目
2019-02-28 19:15:50,703 - BasePage - INFO - 输入内容：这是我写的内容，啦啦
2019-02-28 19:15:58,829 - BasePage - INFO - click
2019-02-28 19:15:59,167 - BasePage - INFO - 输入内容：这是我给你的回复
2019-02-28 19:15:59,806 - BasePage - INFO - click
2019-02-28 19:16:00,391 - BasePage - INFO - click
2019-02-28 19:16:00,392 - BrowserEngine - INFO - 关闭浏览器
2019-02-28 19:16:02,871 - BrowserEngine - INFO - 你选择Chrome浏览器
2019-02-28 19:16:02,872 - BrowserEngine - INFO - 这个服务器的地址是：http://127.0.0.1/forum.php
2019-02-28 19:16:05,728 - BrowserEngine - INFO - 开始谷歌浏览器
2019-02-28 19:16:08,255 - BrowserEngine - INFO - 打开地址：http://127.0.0.1/forum.php
2019-02-28 19:16:09,410 - BrowserEngine - INFO - 最大化当前窗口
2019-02-28 19:16:09,421 - BrowserEngine - INFO - 设置隐式等待时间为10秒
2019-02-28 19:16:09,719 - BasePage - INFO - 输入内容：admin
2019-02-28 19:16:09,910 - BasePage - INFO - 输入内容：Lxt69290*.
2019-02-28 19:16:10,132 - BasePage - INFO - click
2019-02-28 19:16:20,938 - BasePage - INFO - click
2019-02-28 19:16:21,228 - BasePage - INFO - click
2019-02-28 19:16:21,974 - BasePage - INFO - click
2019-02-28 19:16:23,068 - BasePage - INFO - click
2019-02-28 19:16:23,407 - BasePage - INFO - click
2019-02-28 19:16:29,640 - BasePage - INFO - 输入内容：Lxt69290*.
2019-02-28 19:16:51,935 - BasePage - INFO - click
2019-02-28 19:16:54,405 - BasePage - INFO - click
2019-02-28 19:16:58,050 - BasePage - INFO - click
2019-02-28 19:16:58,621 - BasePage - INFO - click
2019-02-28 19:16:59,402 - BasePage - INFO - click
2019-02-28 19:17:04,856 - BasePage - INFO - click
2019-02-28 19:17:07,359 - BasePage - INFO - 输入内容：lixiaoting
2019-02-28 19:17:07,533 - BasePage - INFO - 输入内容：123456
2019-02-28 19:17:07,651 - BasePage - INFO - click
2019-02-28 19:17:18,223 - BasePage - INFO - click
2019-02-28 19:17:23,396 - BasePage - INFO - 输入内容：幸运
2019-02-28 19:17:23,732 - BasePage - INFO - 输入内容：啦啦啦啦啦啦啦啦啦啦啦啦啦啦
2019-02-28 19:17:25,133 - BasePage - INFO - click
2019-02-28 19:17:27,597 - BasePage - INFO - 输入内容：每天都要加油啊啦啦啦啦啦啦啦啦啦啦啦啦啦
2019-02-28 19:17:28,050 - BasePage - INFO - click
2019-02-28 19:17:28,050 - BrowserEngine - INFO - 关闭浏览器
2019-02-28 19:17:30,445 - BrowserEngine - INFO - 你选择Chrome浏览器
2019-02-28 19:17:30,445 - BrowserEngine - INFO - 这个服务器的地址是：http://127.0.0.1/forum.php
2019-02-28 19:17:33,576 - BrowserEngine - INFO - 开始谷歌浏览器
2019-02-28 19:17:36,679 - BrowserEngine - INFO - 打开地址：http://127.0.0.1/forum.php
2019-02-28 19:17:37,818 - BrowserEngine - INFO - 最大化当前窗口
2019-02-28 19:17:37,826 - BrowserEngine - INFO - 设置隐式等待时间为10秒
2019-02-28 19:17:38,179 - BasePage - INFO - 输入内容：lixiaoting
2019-02-28 19:17:38,326 - BasePage - INFO - 输入内容：123456
2019-02-28 19:17:38,461 - BasePage - INFO - click
2019-02-28 19:17:43,672 - BasePage - INFO - 输入内容：haotest
2019-02-28 19:17:43,848 - BasePage - INFO - click
2019-02-28 19:17:50,435 - BasePage - INFO - click
2019-02-28 19:17:50,435 - BrowserEngine - INFO - 关闭浏览器
2019-02-28 19:17:52,812 - BrowserEngine - INFO - 你选择Chrome浏览器
2019-02-28 19:17:52,813 - BrowserEngine - INFO - 这个服务器的地址是：http://127.0.0.1/forum.php
2019-02-28 19:17:55,563 - BrowserEngine - INFO - 开始谷歌浏览器
2019-02-28 19:17:57,903 - BrowserEngine - INFO - 打开地址：http://127.0.0.1/forum.php
2019-02-28 19:17:59,091 - BrowserEngine - INFO - 最大化当前窗口
2019-02-28 19:17:59,096 - BrowserEngine - INFO - 设置隐式等待时间为10秒
2019-02-28 19:17:59,420 - BasePage - INFO - 输入内容：lixiaoting
2019-02-28 19:17:59,560 - BasePage - INFO - 输入内容：123456
2019-02-28 19:17:59,696 - BasePage - INFO - click
2019-02-28 19:18:10,472 - BasePage - INFO - click
2019-02-28 19:18:11,777 - BasePage - INFO - click
2019-02-28 19:18:12,675 - BasePage - INFO - click
2019-02-28 19:18:14,878 - BasePage - INFO - 输入内容：啦啦啦
2019-02-28 19:18:15,126 - BasePage - INFO - 输入内容：我是卖报的小行家
2019-02-28 19:18:15,315 - BasePage - INFO - 输入内容：不等天明来卖报
2019-02-28 19:18:15,516 - BasePage - INFO - click
2019-02-28 19:18:19,736 - BasePage - INFO - click
2019-02-28 19:18:22,947 - BasePage - INFO - click
2019-02-28 19:18:27,041 - DiscuzVote - INFO - 第一个选项的名称：1.  我是卖报的小行家
2019-02-28 19:18:27,118 - DiscuzVote - INFO - 第一个选项的投票比例：100.00% (1)
2019-02-28 19:18:27,189 - DiscuzVote - INFO - 第二个选项的名字：2.  不等天明来卖报
2019-02-28 19:18:27,284 - DiscuzVote - INFO - 第二个选项的投票比例：0.00% (0)
2019-02-28 19:18:27,401 - DiscuzVote - INFO - 投票的主题名称为：啦啦啦
2019-02-28 19:18:27,842 - BasePage - INFO - click
2019-02-28 19:18:27,842 - BrowserEngine - INFO - 关闭浏览器
