2019-03-01 10:51:31,271 - BrowserEngine - INFO - 你选择Firefox浏览器
2019-03-01 10:51:31,288 - BrowserEngine - INFO - 这个服务器的地址是：http://127.0.0.1/forum.php
2019-03-01 10:52:05,233 - BrowserEngine - INFO - 开始火狐浏览器
2019-03-01 10:52:13,243 - BrowserEngine - INFO - 打开地址：http://127.0.0.1/forum.php
2019-03-01 10:52:13,669 - BrowserEngine - INFO - 最大化当前窗口
2019-03-01 10:52:13,671 - BrowserEngine - INFO - 设置隐式等待时间为10秒
2019-03-01 10:52:14,495 - BasePage - INFO - 输入内容：lixiaoting
2019-03-01 10:52:14,856 - BasePage - INFO - 输入内容：123456
2019-03-01 10:52:15,208 - BasePage - INFO - click
2019-03-01 10:52:21,764 - BasePage - INFO - click
2019-03-01 10:52:21,849 - BasePage - INFO - 输入内容：这是题目
2019-03-01 10:52:22,193 - BasePage - INFO - 输入内容：这是我写的内容，啦啦
2019-03-01 10:52:22,508 - BasePage - INFO - click
2019-03-01 10:52:22,564 - BasePage - INFO - 输入内容：这是我给你的回复
2019-03-01 10:52:23,362 - BasePage - INFO - click
2019-03-01 10:52:23,881 - BasePage - INFO - click
2019-03-01 10:52:23,881 - BrowserEngine - INFO - 关闭浏览器
2019-03-01 10:52:29,835 - BrowserEngine - INFO - 你选择Firefox浏览器
2019-03-01 10:52:29,835 - BrowserEngine - INFO - 这个服务器的地址是：http://127.0.0.1/forum.php
2019-03-01 10:52:38,046 - BrowserEngine - INFO - 开始火狐浏览器
2019-03-01 10:52:38,857 - BrowserEngine - INFO - 打开地址：http://127.0.0.1/forum.php
2019-03-01 10:52:39,132 - BrowserEngine - INFO - 最大化当前窗口
2019-03-01 10:52:39,134 - BrowserEngine - INFO - 设置隐式等待时间为10秒
2019-03-01 10:52:39,189 - BasePage - INFO - 输入内容：admin
2019-03-01 10:52:39,304 - BasePage - INFO - 输入内容：Lxt69290*.
2019-03-01 10:52:39,603 - BasePage - INFO - click
2019-03-01 10:52:50,515 - BasePage - INFO - click
2019-03-01 10:52:50,781 - BasePage - INFO - click
2019-03-01 10:52:52,200 - BasePage - INFO - click
2019-03-01 10:52:52,971 - BasePage - INFO - click
2019-03-01 10:52:53,402 - BasePage - INFO - click
2019-03-01 10:53:01,895 - BasePage - ERROR - <pageobject.discuz_delete.Delete object at 0x03B9BCB0>页面中未找到('css selector', '.loginform input')元素
2019-03-01 10:53:01,895 - BasePage - ERROR - 输入内容失败：'NoneType' object has no attribute 'send_keys'
2019-03-01 10:53:01,903 - BasePage - ERROR - <pageobject.discuz_delete.Delete object at 0x03B9BCB0>页面中未找到('css selector', '.loginnofloat input')元素
2019-03-01 10:53:01,911 - BasePage - ERROR - 单击失败'NoneType' object has no attribute 'click'
2019-03-01 10:53:04,889 - BasePage - ERROR - <pageobject.discuz_delete.Delete object at 0x03B9BCB0>页面中未找到('xpath', '//ul/li[7]')元素
2019-03-01 10:53:04,889 - BasePage - ERROR - 单击失败'NoneType' object has no attribute 'click'
